e:\プログラミング\devworkspace\repos\minigame_engine\build\minigame_engine.dir\debug\vc143.pdb
e:\プログラミング\devworkspace\repos\minigame_engine\build\minigame_engine.dir\debug\window_manager.obj
e:\プログラミング\devworkspace\repos\minigame_engine\build\minigame_engine.dir\debug\window_hierarchy.obj
e:\プログラミング\devworkspace\repos\minigame_engine\build\minigame_engine.dir\debug\window_game.obj
e:\プログラミング\devworkspace\repos\minigame_engine\build\minigame_engine.dir\debug\window_editor.obj
e:\プログラミング\devworkspace\repos\minigame_engine\build\minigame_engine.dir\debug\window_assets.obj
e:\プログラミング\devworkspace\repos\minigame_engine\build\minigame_engine.dir\debug\window.obj
e:\プログラミング\devworkspace\repos\minigame_engine\build\minigame_engine.dir\debug\time.obj
e:\プログラミング\devworkspace\repos\minigame_engine\build\minigame_engine.dir\debug\render.obj
e:\プログラミング\devworkspace\repos\minigame_engine\build\minigame_engine.dir\debug\input.obj
e:\プログラミング\devworkspace\repos\minigame_engine\build\minigame_engine.dir\debug\game.obj
e:\プログラミング\devworkspace\repos\minigame_engine\build\minigame_engine.dir\debug\texture.obj
e:\プログラミング\devworkspace\repos\minigame_engine\build\minigame_engine.dir\debug\scene.obj
e:\プログラミング\devworkspace\repos\minigame_engine\build\minigame_engine.dir\debug\prefab.obj
e:\プログラミング\devworkspace\repos\minigame_engine\build\minigame_engine.dir\debug\mesh.obj
e:\プログラミング\devworkspace\repos\minigame_engine\build\minigame_engine.dir\debug\material.obj
e:\プログラミング\devworkspace\repos\minigame_engine\build\minigame_engine.dir\debug\texture_manager.obj
e:\プログラミング\devworkspace\repos\minigame_engine\build\minigame_engine.dir\debug\prefab_manager.obj
e:\プログラミング\devworkspace\repos\minigame_engine\build\minigame_engine.dir\debug\assets_manager.obj
e:\プログラミング\devworkspace\repos\minigame_engine\build\minigame_engine.dir\debug\stb_image_impl.obj
e:\プログラミング\devworkspace\repos\minigame_engine\build\minigame_engine.dir\debug\main.obj
e:\プログラミング\devworkspace\repos\minigame_engine\build\minigame_engine.dir\debug\imgui_impl_dx11.obj
e:\プログラミング\devworkspace\repos\minigame_engine\build\minigame_engine.dir\debug\imgui_impl_win32.obj
e:\プログラミング\devworkspace\repos\minigame_engine\build\minigame_engine.dir\debug\imgui_widgets.obj
e:\プログラミング\devworkspace\repos\minigame_engine\build\minigame_engine.dir\debug\imgui_tables.obj
e:\プログラミング\devworkspace\repos\minigame_engine\build\minigame_engine.dir\debug\imgui_draw.obj
e:\プログラミング\devworkspace\repos\minigame_engine\build\minigame_engine.dir\debug\imgui.obj
e:\プログラミング\devworkspace\repos\minigame_engine\build\minigame_engine.dir\debug\window_scene.obj
e:\プログラミング\devworkspace\repos\minigame_engine\build\cmakefiles\generate.stamp
e:\プログラミング\devworkspace\repos\minigame_engine\build\bin\debug\minigame_engine.exe
e:\プログラミング\devworkspace\repos\minigame_engine\build\bin\debug\minigame_engine.pdb
e:\プログラミング\devworkspace\repos\minigame_engine\build\minigame_engine.dir\debug\minigame_engine.ilk
e:\プログラミング\devworkspace\repos\minigame_engine\build\minigame_engine.dir\debug\minigame_engine.tlog\cl.command.1.tlog
e:\プログラミング\devworkspace\repos\minigame_engine\build\minigame_engine.dir\debug\minigame_engine.tlog\cl.items.tlog
e:\プログラミング\devworkspace\repos\minigame_engine\build\minigame_engine.dir\debug\minigame_engine.tlog\cl.read.1.tlog
e:\プログラミング\devworkspace\repos\minigame_engine\build\minigame_engine.dir\debug\minigame_engine.tlog\cl.write.1.tlog
e:\プログラミング\devworkspace\repos\minigame_engine\build\minigame_engine.dir\debug\minigame_engine.tlog\custombuild.command.1.tlog
e:\プログラミング\devworkspace\repos\minigame_engine\build\minigame_engine.dir\debug\minigame_engine.tlog\custombuild.read.1.tlog
e:\プログラミング\devworkspace\repos\minigame_engine\build\minigame_engine.dir\debug\minigame_engine.tlog\custombuild.write.1.tlog
e:\プログラミング\devworkspace\repos\minigame_engine\build\minigame_engine.dir\debug\minigame_engine.tlog\link.command.1.tlog
e:\プログラミング\devworkspace\repos\minigame_engine\build\minigame_engine.dir\debug\minigame_engine.tlog\link.read.1.tlog
e:\プログラミング\devworkspace\repos\minigame_engine\build\minigame_engine.dir\debug\minigame_engine.tlog\link.secondary.1.tlog
e:\プログラミング\devworkspace\repos\minigame_engine\build\minigame_engine.dir\debug\minigame_engine.tlog\link.write.1.tlog
